============================= test session starts ==============================
platform linux -- Python 3.13.5, pytest-9.0.3, pluggy-1.6.0 -- /home/claude/.local/share/hatch/env/virtual/claude-runner/WKcgJWvH/claude-runner/bin/python
cachedir: .pytest_cache
rootdir: /home/claude/src/homelab/.worktrees/claude-runner-revamp/runner
configfile: pyproject.toml
plugins: anyio-4.13.0, asyncio-1.3.0
asyncio: mode=Mode.AUTO, debug=False, asyncio_default_fixture_loop_scope=None, asyncio_default_test_loop_scope=function
collecting ... collected 7 items

tests/test_sessions.py::test_init_db_creates_table PASSED                [ 14%]
tests/test_sessions.py::test_create_and_get_session PASSED               [ 28%]
tests/test_sessions.py::test_get_missing_session_returns_none PASSED     [ 42%]
tests/test_sessions.py::test_list_sessions PASSED                        [ 57%]
tests/test_sessions.py::test_update_session PASSED                       [ 71%]
tests/test_sessions.py::test_delete_session PASSED                       [ 85%]
tests/test_sessions.py::test_delete_missing_returns_false PASSED         [100%]

============================== 7 passed in 0.50s ===============================
